[2024-05-10 23:00:48,668: INFO: common: yaml file: config\config.yaml loaded successfully]
[2024-05-10 23:00:48,677: INFO: common: yaml file: params.yaml loaded successfully]
[2024-05-10 23:00:48,679: INFO: common: created directory at: artifacts]
[2024-05-10 23:01:05,643: INFO: common: yaml file: config\config.yaml loaded successfully]
[2024-05-10 23:01:05,645: INFO: common: yaml file: params.yaml loaded successfully]
[2024-05-10 23:01:05,646: INFO: common: created directory at: artifacts]
[2024-05-10 23:01:05,646: INFO: common: created directory at: artifacts/prepare_model]
[2024-05-10 23:01:34,255: INFO: common: yaml file: config\config.yaml loaded successfully]
[2024-05-10 23:01:34,257: INFO: common: yaml file: params.yaml loaded successfully]
[2024-05-10 23:01:34,258: INFO: common: created directory at: artifacts]
[2024-05-10 23:01:34,259: INFO: common: created directory at: artifacts/prepare_model]
[2024-05-10 23:01:53,702: INFO: common: yaml file: config\config.yaml loaded successfully]
[2024-05-10 23:01:53,703: INFO: common: yaml file: params.yaml loaded successfully]
[2024-05-10 23:01:53,704: INFO: common: created directory at: artifacts]
[2024-05-10 23:01:53,705: INFO: common: created directory at: artifacts/prepare_model]
[2024-05-10 23:04:34,229: INFO: common: yaml file: config\config.yaml loaded successfully]
[2024-05-10 23:04:34,235: INFO: common: yaml file: params.yaml loaded successfully]
[2024-05-10 23:04:34,237: INFO: common: created directory at: artifacts]
[2024-05-10 23:04:34,237: INFO: common: created directory at: artifacts/prepare_model]
[2024-05-11 03:40:26,985: INFO: utils: Note: NumExpr detected 16 cores but "NUMEXPR_MAX_THREADS" not set, so enforcing safe limit of 8.]
[2024-05-11 03:40:26,986: INFO: utils: NumExpr defaulting to 8 threads.]
[2024-05-11 03:40:33,384: INFO: common: yaml file: config\config.yaml loaded successfully]
[2024-05-11 03:40:33,393: INFO: common: yaml file: params.yaml loaded successfully]
[2024-05-11 03:40:33,395: INFO: common: created directory at: artifacts]
[2024-05-11 03:40:33,397: INFO: common: created directory at: artifacts\training]
[2024-05-11 03:43:17,977: INFO: common: yaml file: config\config.yaml loaded successfully]
[2024-05-11 03:43:17,984: INFO: common: yaml file: params.yaml loaded successfully]
[2024-05-11 03:43:17,986: INFO: common: created directory at: artifacts]
[2024-05-11 03:43:17,986: INFO: common: created directory at: artifacts\training]
[2024-05-11 03:43:45,172: INFO: common: yaml file: config\config.yaml loaded successfully]
[2024-05-11 03:43:45,174: INFO: common: yaml file: params.yaml loaded successfully]
[2024-05-11 03:43:45,175: INFO: common: created directory at: artifacts]
[2024-05-11 03:43:45,176: INFO: common: created directory at: artifacts\training]
[2024-05-11 03:43:51,518: INFO: common: yaml file: config\config.yaml loaded successfully]
[2024-05-11 03:43:51,520: INFO: common: yaml file: params.yaml loaded successfully]
[2024-05-11 03:43:51,521: INFO: common: created directory at: artifacts]
[2024-05-11 03:43:51,522: INFO: common: created directory at: artifacts\training]
[2024-05-11 03:45:13,740: INFO: common: yaml file: config\config.yaml loaded successfully]
[2024-05-11 03:45:13,742: INFO: common: yaml file: params.yaml loaded successfully]
[2024-05-11 03:45:13,743: INFO: common: created directory at: artifacts]
[2024-05-11 03:45:13,744: INFO: common: created directory at: artifacts\training]
[2024-05-11 03:46:06,021: INFO: common: yaml file: config\config.yaml loaded successfully]
[2024-05-11 03:46:06,023: INFO: common: yaml file: params.yaml loaded successfully]
[2024-05-11 03:46:06,024: INFO: common: created directory at: artifacts]
[2024-05-11 03:46:06,025: INFO: common: created directory at: artifacts\training]
[2024-05-11 03:46:45,752: INFO: common: yaml file: config\config.yaml loaded successfully]
[2024-05-11 03:46:45,760: INFO: common: yaml file: params.yaml loaded successfully]
[2024-05-11 03:46:45,761: INFO: common: created directory at: artifacts]
[2024-05-11 03:46:45,762: INFO: common: created directory at: artifacts\training]
[2024-05-11 03:47:34,251: INFO: common: yaml file: config\config.yaml loaded successfully]
[2024-05-11 03:47:34,253: INFO: common: yaml file: params.yaml loaded successfully]
[2024-05-11 03:47:34,254: INFO: common: created directory at: artifacts]
[2024-05-11 03:47:34,255: INFO: common: created directory at: artifacts\training]
[2024-05-11 03:48:42,242: INFO: common: yaml file: config\config.yaml loaded successfully]
[2024-05-11 03:48:42,244: INFO: common: yaml file: params.yaml loaded successfully]
[2024-05-11 03:48:42,244: INFO: common: created directory at: artifacts]
[2024-05-11 03:48:42,245: INFO: common: created directory at: artifacts\training]
[2024-05-11 03:48:42,246: INFO: common: created directory at: artifacts/prepare_model]
[2024-05-11 03:50:00,493: INFO: common: yaml file: config\config.yaml loaded successfully]
[2024-05-11 03:50:00,496: INFO: common: yaml file: params.yaml loaded successfully]
[2024-05-11 03:50:00,497: INFO: common: created directory at: artifacts]
[2024-05-11 03:50:00,498: INFO: common: created directory at: artifacts\training]
[2024-05-11 03:50:00,498: INFO: common: created directory at: artifacts/prepare_model]
[2024-05-11 03:50:04,696: INFO: common: yaml file: config\config.yaml loaded successfully]
[2024-05-11 03:50:04,698: INFO: common: yaml file: params.yaml loaded successfully]
[2024-05-11 03:50:04,699: INFO: common: created directory at: artifacts]
[2024-05-11 03:50:04,700: INFO: common: created directory at: artifacts\training]
[2024-05-11 03:50:04,701: INFO: common: created directory at: artifacts/prepare_model]
[2024-05-11 03:51:15,727: INFO: common: yaml file: config\config.yaml loaded successfully]
[2024-05-11 03:51:15,729: INFO: common: yaml file: params.yaml loaded successfully]
[2024-05-11 03:51:15,729: INFO: common: created directory at: artifacts]
[2024-05-11 03:51:15,730: INFO: common: created directory at: artifacts\training]
[2024-05-11 03:51:15,731: INFO: common: created directory at: artifacts/prepare_model]
[2024-05-11 03:51:21,444: INFO: common: yaml file: config\config.yaml loaded successfully]
[2024-05-11 03:51:21,446: INFO: common: yaml file: params.yaml loaded successfully]
[2024-05-11 03:51:21,447: INFO: common: created directory at: artifacts]
[2024-05-11 03:51:21,448: INFO: common: created directory at: artifacts\training]
[2024-05-11 03:51:21,448: INFO: common: created directory at: artifacts/prepare_model]
[2024-05-11 03:53:36,025: INFO: common: yaml file: config\config.yaml loaded successfully]
[2024-05-11 03:53:36,027: INFO: common: yaml file: params.yaml loaded successfully]
[2024-05-11 03:53:36,028: INFO: common: created directory at: artifacts]
[2024-05-11 03:53:36,029: INFO: common: created directory at: artifacts\training]
[2024-05-11 03:53:36,030: INFO: common: created directory at: artifacts/prepare_model]
[2024-05-11 03:54:20,976: INFO: common: yaml file: config\config.yaml loaded successfully]
[2024-05-11 03:54:20,978: INFO: common: yaml file: params.yaml loaded successfully]
[2024-05-11 03:54:20,979: INFO: common: created directory at: artifacts]
[2024-05-11 03:54:20,980: INFO: common: created directory at: artifacts\training]
[2024-05-11 03:54:20,981: INFO: common: created directory at: artifacts/prepare_model]
[2024-05-11 03:54:29,926: INFO: common: yaml file: config\config.yaml loaded successfully]
[2024-05-11 03:54:29,928: INFO: common: yaml file: params.yaml loaded successfully]
[2024-05-11 03:54:29,929: INFO: common: created directory at: artifacts]
[2024-05-11 03:54:29,930: INFO: common: created directory at: artifacts\training]
[2024-05-11 03:54:29,931: INFO: common: created directory at: artifacts/prepare_model]
[2024-05-11 03:55:19,065: INFO: common: yaml file: config\config.yaml loaded successfully]
[2024-05-11 03:55:19,068: INFO: common: yaml file: params.yaml loaded successfully]
[2024-05-11 03:55:19,068: INFO: common: created directory at: artifacts]
[2024-05-11 03:55:19,069: INFO: common: created directory at: artifacts\training]
[2024-05-11 03:55:19,070: INFO: common: created directory at: artifacts/prepare_model]
[2024-05-11 03:55:19,645: INFO: file_utils: TensorFlow version 2.12.0 available.]
[2024-05-11 03:55:19,646: INFO: file_utils: PyTorch version 2.1.0 available.]
[2024-05-11 03:55:19,795: INFO: modeling_xlnet: Better speed can be achieved with apex installed from https://www.github.com/nvidia/apex .]
[2024-05-11 03:58:26,614: INFO: common: yaml file: config\config.yaml loaded successfully]
[2024-05-11 03:58:26,616: INFO: common: yaml file: params.yaml loaded successfully]
[2024-05-11 03:58:26,617: INFO: common: created directory at: artifacts]
[2024-05-11 03:58:26,618: INFO: common: created directory at: artifacts\training]
[2024-05-11 03:58:26,619: INFO: common: created directory at: artifacts/prepare_model]
[2024-05-11 03:58:26,620: INFO: common: yaml file: params.yaml loaded successfully]
[2024-05-11 03:59:16,268: INFO: common: yaml file: config\config.yaml loaded successfully]
[2024-05-11 03:59:16,275: INFO: common: yaml file: params.yaml loaded successfully]
[2024-05-11 03:59:16,276: INFO: common: created directory at: artifacts]
[2024-05-11 03:59:16,277: INFO: common: created directory at: artifacts\training]
[2024-05-11 03:59:16,278: INFO: common: created directory at: artifacts/prepare_model]
[2024-05-11 03:59:16,280: INFO: common: yaml file: params.yaml loaded successfully]
[2024-05-11 04:01:34,676: INFO: common: yaml file: config\config.yaml loaded successfully]
[2024-05-11 04:01:34,678: INFO: common: yaml file: params.yaml loaded successfully]
[2024-05-11 04:01:34,679: INFO: common: created directory at: artifacts]
[2024-05-11 04:01:34,680: INFO: common: created directory at: artifacts\training]
[2024-05-11 04:01:34,681: INFO: common: created directory at: artifacts/prepare_model]
[2024-05-11 04:01:34,682: INFO: common: yaml file: params.yaml loaded successfully]
[2024-05-11 04:03:20,990: INFO: common: yaml file: config\config.yaml loaded successfully]
[2024-05-11 04:03:20,993: INFO: common: yaml file: params.yaml loaded successfully]
[2024-05-11 04:03:20,994: INFO: common: created directory at: artifacts]
[2024-05-11 04:03:20,995: INFO: common: created directory at: artifacts\training]
[2024-05-11 04:03:20,996: INFO: common: created directory at: artifacts/prepare_model]
[2024-05-11 04:03:20,997: INFO: common: yaml file: params.yaml loaded successfully]
[2024-05-11 04:36:39,289: INFO: utils: Note: NumExpr detected 16 cores but "NUMEXPR_MAX_THREADS" not set, so enforcing safe limit of 8.]
[2024-05-11 04:36:39,290: INFO: utils: NumExpr defaulting to 8 threads.]
[2024-05-11 04:36:46,630: INFO: common: yaml file: config\config.yaml loaded successfully]
[2024-05-11 04:36:46,632: INFO: common: yaml file: config\config.yaml loaded successfully]
[2024-05-11 04:36:46,635: INFO: common: yaml file: params.yaml loaded successfully]
[2024-05-11 04:36:46,636: INFO: common: created directory at: artifacts]
[2024-05-11 04:36:46,637: INFO: common: created directory at: artifacts\training]
[2024-05-11 04:36:46,638: INFO: common: created directory at: artifacts/prepare_model]
[2024-05-11 04:36:46,641: INFO: common: yaml file: params.yaml loaded successfully]
[2024-05-11 04:38:53,415: INFO: common: yaml file: config\config.yaml loaded successfully]
[2024-05-11 04:38:53,418: INFO: common: yaml file: params.yaml loaded successfully]
[2024-05-11 04:38:53,419: INFO: common: created directory at: artifacts]
[2024-05-11 04:38:53,419: INFO: common: created directory at: artifacts/prepare_model]
[2024-05-11 04:40:42,753: INFO: utils: Note: NumExpr detected 16 cores but "NUMEXPR_MAX_THREADS" not set, so enforcing safe limit of 8.]
[2024-05-11 04:40:42,754: INFO: utils: NumExpr defaulting to 8 threads.]
[2024-05-11 04:40:49,677: INFO: common: yaml file: config\config.yaml loaded successfully]
[2024-05-11 04:40:49,679: INFO: common: yaml file: params.yaml loaded successfully]
[2024-05-11 04:40:49,681: INFO: common: created directory at: artifacts]
[2024-05-11 04:40:49,681: INFO: common: created directory at: artifacts\training]
[2024-05-11 04:40:49,682: INFO: common: created directory at: artifacts/prepare_model]
[2024-05-11 04:40:49,684: INFO: common: yaml file: params.yaml loaded successfully]
[2024-05-11 04:40:50,254: INFO: file_utils: TensorFlow version 2.12.0 available.]
[2024-05-11 04:40:50,255: INFO: file_utils: PyTorch version 2.1.0 available.]
[2024-05-11 04:40:50,355: INFO: modeling_xlnet: Better speed can be achieved with apex installed from https://www.github.com/nvidia/apex .]
[2024-05-11 04:55:01,720: INFO: utils: Note: NumExpr detected 16 cores but "NUMEXPR_MAX_THREADS" not set, so enforcing safe limit of 8.]
[2024-05-11 04:55:01,721: INFO: utils: NumExpr defaulting to 8 threads.]
[2024-05-11 05:26:09,502: INFO: utils: Note: NumExpr detected 16 cores but "NUMEXPR_MAX_THREADS" not set, so enforcing safe limit of 8.]
[2024-05-11 05:26:09,502: INFO: utils: NumExpr defaulting to 8 threads.]
[2024-05-11 05:37:41,486: INFO: utils: Note: NumExpr detected 16 cores but "NUMEXPR_MAX_THREADS" not set, so enforcing safe limit of 8.]
[2024-05-11 05:37:41,489: INFO: utils: NumExpr defaulting to 8 threads.]
[2024-05-12 03:54:18,341: INFO: common: yaml file: mlops\config\config.yaml loaded successfully]
[2024-05-12 03:56:14,307: INFO: common: yaml file: mlops\config\config.yaml loaded successfully]
[2024-05-12 04:04:03,711: INFO: common: yaml file: mlops\params.yaml loaded successfully]
[2024-05-12 04:11:14,809: INFO: common: yaml file: mlops\params.yaml loaded successfully]
[2024-05-12 04:13:54,527: INFO: common: yaml file: mlops\config\config.yaml loaded successfully]
[2024-05-12 04:13:54,529: INFO: common: yaml file: mlops\params.yaml loaded successfully]
[2024-05-12 04:14:56,667: INFO: common: yaml file: mlops\config\config.yaml loaded successfully]
[2024-05-12 04:14:56,669: INFO: common: yaml file: mlops\params.yaml loaded successfully]
[2024-05-12 04:15:01,222: INFO: common: yaml file: mlops\config\config.yaml loaded successfully]
[2024-05-12 04:15:01,225: INFO: common: yaml file: mlops\params.yaml loaded successfully]
[2024-05-12 04:15:30,886: INFO: common: yaml file: mlops\config\config.yaml loaded successfully]
[2024-05-12 04:15:30,890: INFO: common: yaml file: mlops\params.yaml loaded successfully]
[2024-05-12 04:22:15,905: INFO: utils: Note: NumExpr detected 16 cores but "NUMEXPR_MAX_THREADS" not set, so enforcing safe limit of 8.]
[2024-05-12 04:22:15,906: INFO: utils: NumExpr defaulting to 8 threads.]
[2024-05-12 04:50:23,934: INFO: common: yaml file: mlops\config\config.yaml loaded successfully]
[2024-05-12 04:50:23,941: INFO: common: yaml file: mlops\params.yaml loaded successfully]
[2024-05-12 04:50:23,944: INFO: common: created directory at: artifacts]
[2024-05-12 04:50:51,745: INFO: common: yaml file: mlops\config\config.yaml loaded successfully]
[2024-05-12 04:50:51,748: INFO: common: yaml file: mlops\params.yaml loaded successfully]
[2024-05-12 04:50:51,749: INFO: common: created directory at: artifacts]
[2024-05-12 04:50:54,334: INFO: common: yaml file: mlops\config\config.yaml loaded successfully]
[2024-05-12 04:50:54,336: INFO: common: yaml file: mlops\params.yaml loaded successfully]
[2024-05-12 04:50:54,338: INFO: common: created directory at: artifacts]
[2024-05-12 04:51:39,688: INFO: common: yaml file: mlops\config\config.yaml loaded successfully]
[2024-05-12 04:51:39,690: INFO: common: yaml file: mlops\params.yaml loaded successfully]
[2024-05-12 04:51:39,691: INFO: common: created directory at: artifacts]
[2024-05-12 04:52:34,950: INFO: common: yaml file: mlops\config\config.yaml loaded successfully]
[2024-05-12 04:52:34,952: INFO: common: yaml file: mlops\params.yaml loaded successfully]
[2024-05-12 04:52:34,954: INFO: common: created directory at: artifacts]
[2024-05-12 04:53:18,674: INFO: common: yaml file: mlops\config\config.yaml loaded successfully]
[2024-05-12 04:53:18,676: INFO: common: yaml file: mlops\params.yaml loaded successfully]
[2024-05-12 04:53:18,677: INFO: common: created directory at: artifacts]
[2024-05-12 04:53:42,947: INFO: common: yaml file: mlops\config\config.yaml loaded successfully]
[2024-05-12 04:53:42,949: INFO: common: yaml file: mlops\params.yaml loaded successfully]
[2024-05-12 04:54:08,017: INFO: common: yaml file: mlops\config\config.yaml loaded successfully]
[2024-05-12 04:54:08,020: INFO: common: yaml file: mlops\params.yaml loaded successfully]
[2024-05-12 04:59:19,896: INFO: common: yaml file: mlops\config\config.yaml loaded successfully]
[2024-05-12 04:59:19,898: INFO: common: yaml file: mlops\params.yaml loaded successfully]
[2024-05-12 04:59:19,899: INFO: common: created directory at: artifacts]
[2024-05-12 04:59:48,304: INFO: common: yaml file: mlops\config\config.yaml loaded successfully]
[2024-05-12 04:59:48,306: INFO: common: yaml file: mlops\params.yaml loaded successfully]
[2024-05-12 04:59:48,307: INFO: common: created directory at: artifacts]
[2024-05-12 05:00:03,565: INFO: common: yaml file: mlops\config\config.yaml loaded successfully]
[2024-05-12 05:00:03,567: INFO: common: yaml file: mlops\params.yaml loaded successfully]
[2024-05-12 05:00:03,568: INFO: common: created directory at: artifacts]
[2024-05-12 05:11:29,773: INFO: common: yaml file: mlops\config\config.yaml loaded successfully]
[2024-05-12 05:11:29,775: INFO: common: yaml file: mlops\params.yaml loaded successfully]
[2024-05-12 05:11:29,776: INFO: common: created directory at: artifacts]
[2024-05-12 05:13:45,993: INFO: common: yaml file: mlops\config\config.yaml loaded successfully]
[2024-05-12 05:13:45,995: INFO: common: yaml file: mlops\params.yaml loaded successfully]
[2024-05-12 05:13:45,996: INFO: common: created directory at: artifacts]
[2024-05-12 05:13:45,998: INFO: common: yaml file: mlops\params.yaml loaded successfully]
[2024-05-12 05:15:08,044: INFO: common: yaml file: mlops\config\config.yaml loaded successfully]
[2024-05-12 05:15:08,047: INFO: common: yaml file: mlops\params.yaml loaded successfully]
[2024-05-12 05:15:08,047: INFO: common: created directory at: artifacts]
[2024-05-12 05:15:08,049: INFO: common: yaml file: mlops\params.yaml loaded successfully]
[2024-05-12 05:22:15,066: INFO: common: yaml file: mlops\config\config.yaml loaded successfully]
[2024-05-12 05:22:15,069: INFO: common: yaml file: mlops\params.yaml loaded successfully]
[2024-05-12 05:22:15,070: INFO: common: created directory at: artifacts]
[2024-05-12 05:22:15,071: INFO: common: yaml file: mlops\params.yaml loaded successfully]
[2024-05-12 05:24:18,394: INFO: common: yaml file: mlops\config\config.yaml loaded successfully]
[2024-05-12 05:24:18,397: INFO: common: yaml file: mlops\params.yaml loaded successfully]
[2024-05-12 05:24:18,398: INFO: common: created directory at: artifacts]
[2024-05-12 05:24:18,400: INFO: common: yaml file: mlops\params.yaml loaded successfully]
[2024-05-12 05:24:35,323: INFO: common: yaml file: mlops\config\config.yaml loaded successfully]
[2024-05-12 05:24:35,325: INFO: common: yaml file: mlops\params.yaml loaded successfully]
[2024-05-12 05:24:35,326: INFO: common: created directory at: artifacts]
[2024-05-12 05:24:35,328: INFO: common: yaml file: mlops\params.yaml loaded successfully]
[2024-05-12 05:24:38,084: INFO: common: yaml file: mlops\config\config.yaml loaded successfully]
[2024-05-12 05:24:38,086: INFO: common: yaml file: mlops\params.yaml loaded successfully]
[2024-05-12 05:24:38,087: INFO: common: created directory at: artifacts]
[2024-05-12 05:24:38,088: INFO: common: yaml file: mlops\params.yaml loaded successfully]
[2024-05-12 05:25:17,851: INFO: common: yaml file: mlops\config\config.yaml loaded successfully]
[2024-05-12 05:25:17,853: INFO: common: yaml file: mlops\params.yaml loaded successfully]
[2024-05-12 05:25:17,854: INFO: common: created directory at: artifacts]
[2024-05-12 05:25:17,855: INFO: common: yaml file: mlops\params.yaml loaded successfully]
[2024-05-12 05:26:10,640: INFO: common: yaml file: mlops\config\config.yaml loaded successfully]
[2024-05-12 05:26:10,642: INFO: common: yaml file: mlops\params.yaml loaded successfully]
[2024-05-12 05:26:10,643: INFO: common: created directory at: artifacts]
[2024-05-12 05:26:10,645: INFO: common: yaml file: mlops\params.yaml loaded successfully]
[2024-05-12 05:29:19,613: INFO: common: yaml file: mlops\config\config.yaml loaded successfully]
[2024-05-12 05:29:19,615: INFO: common: yaml file: mlops\params.yaml loaded successfully]
[2024-05-12 05:29:19,617: INFO: common: created directory at: artifacts]
[2024-05-12 05:29:19,619: INFO: common: yaml file: mlops\params.yaml loaded successfully]
[2024-05-12 05:30:13,597: INFO: common: yaml file: mlops\config\config.yaml loaded successfully]
[2024-05-12 05:30:13,600: INFO: common: yaml file: mlops\params.yaml loaded successfully]
[2024-05-12 05:30:13,601: INFO: common: created directory at: artifacts]
[2024-05-12 05:30:13,603: INFO: common: yaml file: mlops\params.yaml loaded successfully]
[2024-05-12 07:21:53,208: INFO: common: yaml file: mlops\config\config.yaml loaded successfully]
[2024-05-12 07:21:53,211: INFO: common: yaml file: mlops\params.yaml loaded successfully]
[2024-05-12 07:21:53,212: INFO: common: created directory at: artifacts]
[2024-05-12 07:21:53,214: INFO: common: yaml file: mlops\params.yaml loaded successfully]
[2024-05-12 07:57:05,372: INFO: common: yaml file: mlops\config\config.yaml loaded successfully]
[2024-05-12 07:57:05,374: INFO: common: yaml file: mlops\params.yaml loaded successfully]
[2024-05-12 07:57:05,375: INFO: common: created directory at: artifacts]
[2024-05-12 07:57:05,377: INFO: common: yaml file: mlops\params.yaml loaded successfully]
[2024-05-12 08:02:04,912: INFO: common: yaml file: mlops\config\config.yaml loaded successfully]
[2024-05-12 08:02:04,915: INFO: common: yaml file: mlops\params.yaml loaded successfully]
[2024-05-12 08:02:04,916: INFO: common: created directory at: artifacts]
[2024-05-12 08:02:04,918: INFO: common: yaml file: mlops\params.yaml loaded successfully]
[2024-05-12 08:06:42,465: INFO: common: yaml file: mlops\config\config.yaml loaded successfully]
[2024-05-12 08:06:42,467: INFO: common: yaml file: mlops\params.yaml loaded successfully]
[2024-05-12 08:06:42,469: INFO: common: created directory at: artifacts]
[2024-05-12 08:06:42,470: INFO: common: yaml file: mlops\params.yaml loaded successfully]
[2024-05-12 10:57:14,020: INFO: utils: Note: NumExpr detected 16 cores but "NUMEXPR_MAX_THREADS" not set, so enforcing safe limit of 8.]
[2024-05-12 10:57:14,021: INFO: utils: NumExpr defaulting to 8 threads.]
[2024-05-12 10:57:54,168: INFO: utils: Note: NumExpr detected 16 cores but "NUMEXPR_MAX_THREADS" not set, so enforcing safe limit of 8.]
[2024-05-12 10:57:54,168: INFO: utils: NumExpr defaulting to 8 threads.]
[2024-05-12 10:57:59,401: INFO: main: *******************]
[2024-05-12 10:57:59,401: INFO: main: >>>>>> stage Prepare base model started <<<<<<]
[2024-05-12 10:57:59,402: ERROR: main: [Errno 2] No such file or directory: 'mlops\\config\\config.yaml']
Traceback (most recent call last):
  File "C:\Users\howar\Documents\UIUC\IE 421\project\group_10_project\mlops\main.py", line 28, in <module>
    prepare_base_model.main()
  File "C:\Users\howar\Documents\UIUC\IE 421\project\group_10_project\mlops\src\lstm_price_prediction\pipeline\stage_02_prepare_model.py", line 15, in main
    config = ConfigurationManager()
             ^^^^^^^^^^^^^^^^^^^^^^
  File "C:\Users\howar\Documents\UIUC\IE 421\project\group_10_project\mlops\src\lstm_price_prediction\config\configuration.py", line 16, in __init__
    self.config = read_yaml(config_filepath)
                  ^^^^^^^^^^^^^^^^^^^^^^^^^^
  File "C:\Users\howar\anaconda3\Lib\site-packages\ensure\main.py", line 849, in __call__
    return_val = self.f(*args, **kwargs)
                 ^^^^^^^^^^^^^^^^^^^^^^^
  File "C:\Users\howar\Documents\UIUC\IE 421\project\group_10_project\mlops\src\lstm_price_prediction\utils\common.py", line 36, in read_yaml
    raise e
  File "C:\Users\howar\Documents\UIUC\IE 421\project\group_10_project\mlops\src\lstm_price_prediction\utils\common.py", line 29, in read_yaml
    with open(path_to_yaml) as yaml_file:
         ^^^^^^^^^^^^^^^^^^
FileNotFoundError: [Errno 2] No such file or directory: 'mlops\\config\\config.yaml'
[2024-05-12 11:02:23,476: INFO: utils: Note: NumExpr detected 16 cores but "NUMEXPR_MAX_THREADS" not set, so enforcing safe limit of 8.]
[2024-05-12 11:02:23,477: INFO: utils: NumExpr defaulting to 8 threads.]
[2024-05-12 11:02:28,828: INFO: main: *******************]
[2024-05-12 11:02:28,828: INFO: main: >>>>>> stage Prepare base model started <<<<<<]
[2024-05-12 11:02:28,830: INFO: common: yaml file: config\config.yaml loaded successfully]
[2024-05-12 11:02:28,831: INFO: common: yaml file: params.yaml loaded successfully]
[2024-05-12 11:02:28,831: INFO: common: created directory at: artifacts]
[2024-05-12 11:02:28,832: INFO: common: created directory at: artifacts/prepare_model]
[2024-05-12 11:02:29,206: ERROR: main: 'LSTMModel' object has no attribute 'save']
Traceback (most recent call last):
  File "C:\Users\howar\Documents\UIUC\IE 421\project\group_10_project\mlops\main.py", line 28, in <module>
    prepare_base_model.main()
  File "C:\Users\howar\Documents\UIUC\IE 421\project\group_10_project\mlops\src\lstm_price_prediction\pipeline\stage_02_prepare_model.py", line 18, in main
    prepare_model.get_model()
  File "C:\Users\howar\Documents\UIUC\IE 421\project\group_10_project\mlops\src\lstm_price_prediction\components\prepare_model.py", line 19, in get_model
    self.save_model(path=self.config.model_path, model=self.model)
  File "C:\Users\howar\Documents\UIUC\IE 421\project\group_10_project\mlops\src\lstm_price_prediction\components\prepare_model.py", line 68, in save_model
    model.save(path)
    ^^^^^^^^^^
  File "C:\Users\howar\anaconda3\Lib\site-packages\torch\nn\modules\module.py", line 1695, in __getattr__
    raise AttributeError(f"'{type(self).__name__}' object has no attribute '{name}'")
AttributeError: 'LSTMModel' object has no attribute 'save'
[2024-05-12 11:47:02,886: INFO: utils: Note: NumExpr detected 16 cores but "NUMEXPR_MAX_THREADS" not set, so enforcing safe limit of 8.]
[2024-05-12 11:47:02,886: INFO: utils: NumExpr defaulting to 8 threads.]
[2024-05-12 11:47:09,644: INFO: main: *******************]
[2024-05-12 11:47:09,644: INFO: main: >>>>>> stage Prepare base model started <<<<<<]
[2024-05-12 11:47:09,652: INFO: common: yaml file: config\config.yaml loaded successfully]
[2024-05-12 11:47:09,652: INFO: common: yaml file: params.yaml loaded successfully]
[2024-05-12 11:47:09,652: INFO: common: created directory at: artifacts]
[2024-05-12 11:47:09,652: INFO: common: created directory at: artifacts/prepare_model]
[2024-05-12 11:47:10,013: ERROR: main: 'LSTMModel' object has no attribute 'save']
Traceback (most recent call last):
  File "C:\Users\howar\Documents\UIUC\IE 421\project\group_10_project\mlops\main.py", line 28, in <module>
    prepare_base_model.main()
  File "C:\Users\howar\Documents\UIUC\IE 421\project\group_10_project\mlops\src\lstm_price_prediction\pipeline\stage_02_prepare_model.py", line 18, in main
    prepare_model.get_model()
  File "C:\Users\howar\Documents\UIUC\IE 421\project\group_10_project\mlops\src\lstm_price_prediction\components\prepare_model.py", line 19, in get_model
    self.save_model(path=self.config.model_path, model=self.model)
  File "C:\Users\howar\Documents\UIUC\IE 421\project\group_10_project\mlops\src\lstm_price_prediction\components\prepare_model.py", line 68, in save_model
    model.save(path)
    ^^^^^^^^^^
  File "C:\Users\howar\anaconda3\Lib\site-packages\torch\nn\modules\module.py", line 1695, in __getattr__
    raise AttributeError(f"'{type(self).__name__}' object has no attribute '{name}'")
AttributeError: 'LSTMModel' object has no attribute 'save'
[2024-05-12 11:47:59,731: INFO: utils: Note: NumExpr detected 16 cores but "NUMEXPR_MAX_THREADS" not set, so enforcing safe limit of 8.]
[2024-05-12 11:47:59,739: INFO: utils: NumExpr defaulting to 8 threads.]
[2024-05-12 11:48:08,079: INFO: main: *******************]
[2024-05-12 11:48:08,079: INFO: main: >>>>>> stage Prepare base model started <<<<<<]
[2024-05-12 11:48:08,087: INFO: common: yaml file: config\config.yaml loaded successfully]
[2024-05-12 11:48:08,087: INFO: common: yaml file: params.yaml loaded successfully]
[2024-05-12 11:48:08,087: INFO: common: created directory at: artifacts]
[2024-05-12 11:48:08,087: INFO: common: created directory at: artifacts/prepare_model]
[2024-05-12 11:48:08,395: INFO: main: >>>>>> stage Prepare base model completed <<<<<<

x==========x]
[2024-05-12 11:48:08,403: INFO: main: *******************]
[2024-05-12 11:48:08,403: INFO: main: >>>>>> stage Training started <<<<<<]
[2024-05-12 11:48:08,403: INFO: common: yaml file: config\config.yaml loaded successfully]
[2024-05-12 11:48:08,403: INFO: common: yaml file: params.yaml loaded successfully]
[2024-05-12 11:48:08,403: INFO: common: created directory at: artifacts]
[2024-05-12 11:48:08,403: INFO: common: created directory at: artifacts\training]
[2024-05-12 11:48:08,407: ERROR: main: TrainingConfig() takes no arguments]
Traceback (most recent call last):
  File "C:\Users\howar\Documents\UIUC\IE 421\project\group_10_project\mlops\main.py", line 42, in <module>
    model_trainer.main()
  File "C:\Users\howar\Documents\UIUC\IE 421\project\group_10_project\mlops\src\lstm_price_prediction\pipeline\stage_03_model_trainer.py", line 17, in main
    training_config = config.get_training_config()
                      ^^^^^^^^^^^^^^^^^^^^^^^^^^^^
  File "C:\Users\howar\Documents\UIUC\IE 421\project\group_10_project\mlops\src\lstm_price_prediction\config\configuration.py", line 64, in get_training_config
    training_config = TrainingConfig(
                      ^^^^^^^^^^^^^^^
TypeError: TrainingConfig() takes no arguments
[2024-05-12 11:51:25,048: INFO: utils: Note: NumExpr detected 16 cores but "NUMEXPR_MAX_THREADS" not set, so enforcing safe limit of 8.]
[2024-05-12 11:51:25,048: INFO: utils: NumExpr defaulting to 8 threads.]
[2024-05-12 11:51:33,776: INFO: main: *******************]
[2024-05-12 11:51:33,776: INFO: main: >>>>>> stage Prepare base model started <<<<<<]
[2024-05-12 11:51:33,784: INFO: common: yaml file: config\config.yaml loaded successfully]
[2024-05-12 11:51:33,784: INFO: common: yaml file: params.yaml loaded successfully]
[2024-05-12 11:51:33,784: INFO: common: created directory at: artifacts]
[2024-05-12 11:51:33,784: INFO: common: created directory at: artifacts/prepare_model]
[2024-05-12 11:51:34,048: INFO: main: >>>>>> stage Prepare base model completed <<<<<<

x==========x]
[2024-05-12 11:51:34,048: INFO: main: *******************]
[2024-05-12 11:51:34,048: INFO: main: >>>>>> stage Training started <<<<<<]
[2024-05-12 11:51:34,048: INFO: common: yaml file: config\config.yaml loaded successfully]
[2024-05-12 11:51:34,056: INFO: common: yaml file: params.yaml loaded successfully]
[2024-05-12 11:51:34,056: INFO: common: created directory at: artifacts]
[2024-05-12 11:51:34,056: INFO: common: created directory at: artifacts\training]
[2024-05-12 11:51:34,056: INFO: common: created directory at: artifacts/prepare_model]
[2024-05-12 11:51:34,056: INFO: common: yaml file: params.yaml loaded successfully]
[2024-05-12 11:51:34,545: INFO: file_utils: TensorFlow version 2.12.0 available.]
[2024-05-12 11:51:34,545: INFO: file_utils: PyTorch version 2.1.0 available.]
[2024-05-12 11:51:34,673: INFO: modeling_xlnet: Better speed can be achieved with apex installed from https://www.github.com/nvidia/apex .]
[2024-05-12 11:53:15,924: ERROR: main: Parent directory mlops\artifacts\training does not exist.]
Traceback (most recent call last):
  File "C:\Users\howar\Documents\UIUC\IE 421\project\group_10_project\mlops\main.py", line 42, in <module>
    model_trainer.main()
  File "C:\Users\howar\Documents\UIUC\IE 421\project\group_10_project\mlops\src\lstm_price_prediction\pipeline\stage_03_model_trainer.py", line 22, in main
    training.train()
  File "C:\Users\howar\Documents\UIUC\IE 421\project\group_10_project\mlops\src\lstm_price_prediction\components\model_trainer.py", line 100, in train
    self.save_model(
  File "C:\Users\howar\Documents\UIUC\IE 421\project\group_10_project\mlops\src\lstm_price_prediction\components\model_trainer.py", line 76, in save_model
    torch.save(model.state_dict(), path)
  File "C:\Users\howar\anaconda3\Lib\site-packages\torch\serialization.py", line 618, in save
    with _open_zipfile_writer(f) as opened_zipfile:
         ^^^^^^^^^^^^^^^^^^^^^^^
  File "C:\Users\howar\anaconda3\Lib\site-packages\torch\serialization.py", line 492, in _open_zipfile_writer
    return container(name_or_buffer)
           ^^^^^^^^^^^^^^^^^^^^^^^^^
  File "C:\Users\howar\anaconda3\Lib\site-packages\torch\serialization.py", line 463, in __init__
    super().__init__(torch._C.PyTorchFileWriter(self.name))
                     ^^^^^^^^^^^^^^^^^^^^^^^^^^^^^^^^^^^^^
RuntimeError: Parent directory mlops\artifacts\training does not exist.
[2024-05-12 11:55:32,953: INFO: utils: Note: NumExpr detected 16 cores but "NUMEXPR_MAX_THREADS" not set, so enforcing safe limit of 8.]
[2024-05-12 11:55:32,953: INFO: utils: NumExpr defaulting to 8 threads.]
[2024-05-12 11:55:41,516: INFO: main: *******************]
[2024-05-12 11:55:41,516: INFO: main: >>>>>> stage Prepare base model started <<<<<<]
[2024-05-12 11:55:41,524: INFO: common: yaml file: config\config.yaml loaded successfully]
[2024-05-12 11:55:41,524: INFO: common: yaml file: params.yaml loaded successfully]
[2024-05-12 11:55:41,524: INFO: common: created directory at: artifacts]
[2024-05-12 11:55:41,524: INFO: common: created directory at: artifacts/prepare_model]
[2024-05-12 11:55:41,741: INFO: main: >>>>>> stage Prepare base model completed <<<<<<

x==========x]
[2024-05-12 11:55:41,741: INFO: main: *******************]
[2024-05-12 11:55:41,741: INFO: main: >>>>>> stage Training started <<<<<<]
[2024-05-12 11:55:41,741: INFO: common: yaml file: config\config.yaml loaded successfully]
[2024-05-12 11:55:41,749: INFO: common: yaml file: params.yaml loaded successfully]
[2024-05-12 11:55:41,749: INFO: common: created directory at: artifacts]
[2024-05-12 11:55:41,749: INFO: common: created directory at: artifacts\training]
[2024-05-12 11:55:41,749: INFO: common: created directory at: artifacts/prepare_model]
[2024-05-12 11:55:41,749: INFO: common: yaml file: params.yaml loaded successfully]
[2024-05-12 11:55:42,077: INFO: file_utils: TensorFlow version 2.12.0 available.]
[2024-05-12 11:55:42,077: INFO: file_utils: PyTorch version 2.1.0 available.]
[2024-05-12 11:55:42,149: INFO: modeling_xlnet: Better speed can be achieved with apex installed from https://www.github.com/nvidia/apex .]
[2024-05-12 11:57:10,755: ERROR: main: Training.validate() got an unexpected keyword argument 'weight']
Traceback (most recent call last):
  File "C:\Users\howar\Documents\UIUC\IE 421\project\group_10_project\mlops\main.py", line 42, in <module>
    model_trainer.main()
  File "C:\Users\howar\Documents\UIUC\IE 421\project\group_10_project\mlops\src\lstm_price_prediction\pipeline\stage_03_model_trainer.py", line 22, in main
    training.train()
  File "C:\Users\howar\Documents\UIUC\IE 421\project\group_10_project\mlops\src\lstm_price_prediction\components\model_trainer.py", line 105, in train
    val_loss, acc, precision, recall, f1 = self.validate(self.model, self.val_loader, weight = None)
                                           ^^^^^^^^^^^^^^^^^^^^^^^^^^^^^^^^^^^^^^^^^^^^^^^^^^^^^^^^^
TypeError: Training.validate() got an unexpected keyword argument 'weight'
[2024-05-12 11:59:41,841: INFO: utils: Note: NumExpr detected 16 cores but "NUMEXPR_MAX_THREADS" not set, so enforcing safe limit of 8.]
[2024-05-12 11:59:41,841: INFO: utils: NumExpr defaulting to 8 threads.]
[2024-05-12 11:59:50,532: INFO: main: *******************]
[2024-05-12 11:59:50,532: INFO: main: >>>>>> stage Prepare base model started <<<<<<]
[2024-05-12 11:59:50,532: INFO: common: yaml file: config\config.yaml loaded successfully]
[2024-05-12 11:59:50,532: INFO: common: yaml file: params.yaml loaded successfully]
[2024-05-12 11:59:50,532: INFO: common: created directory at: artifacts]
[2024-05-12 11:59:50,532: INFO: common: created directory at: artifacts/prepare_model]
[2024-05-12 11:59:50,773: INFO: main: >>>>>> stage Prepare base model completed <<<<<<

x==========x]
[2024-05-12 11:59:50,773: INFO: main: *******************]
[2024-05-12 11:59:50,773: INFO: main: >>>>>> stage Training started <<<<<<]
[2024-05-12 11:59:50,773: INFO: common: yaml file: config\config.yaml loaded successfully]
[2024-05-12 11:59:50,773: INFO: common: yaml file: params.yaml loaded successfully]
[2024-05-12 11:59:50,773: INFO: common: created directory at: artifacts]
[2024-05-12 11:59:50,773: INFO: common: created directory at: artifacts\training]
[2024-05-12 11:59:50,781: INFO: common: created directory at: artifacts/prepare_model]
[2024-05-12 11:59:50,781: INFO: common: yaml file: params.yaml loaded successfully]
[2024-05-12 11:59:51,197: INFO: file_utils: TensorFlow version 2.12.0 available.]
[2024-05-12 11:59:51,197: INFO: file_utils: PyTorch version 2.1.0 available.]
[2024-05-12 11:59:51,278: INFO: modeling_xlnet: Better speed can be achieved with apex installed from https://www.github.com/nvidia/apex .]
[2024-05-12 12:01:21,948: ERROR: main: Training.validate() takes 1 positional argument but 3 were given]
Traceback (most recent call last):
  File "C:\Users\howar\Documents\UIUC\IE 421\project\group_10_project\mlops\main.py", line 42, in <module>
    model_trainer.main()
  File "C:\Users\howar\Documents\UIUC\IE 421\project\group_10_project\mlops\src\lstm_price_prediction\pipeline\stage_03_model_trainer.py", line 22, in main
    training.train()
  File "C:\Users\howar\Documents\UIUC\IE 421\project\group_10_project\mlops\src\lstm_price_prediction\components\model_trainer.py", line 104, in train
    val_loss, acc, precision, recall, f1 = self.validate(self.model, self.val_loader)
                                           ^^^^^^^^^^^^^^^^^^^^^^^^^^^^^^^^^^^^^^^^^^
TypeError: Training.validate() takes 1 positional argument but 3 were given
[2024-05-12 12:01:53,121: INFO: utils: Note: NumExpr detected 16 cores but "NUMEXPR_MAX_THREADS" not set, so enforcing safe limit of 8.]
[2024-05-12 12:01:53,121: INFO: utils: NumExpr defaulting to 8 threads.]
[2024-05-12 12:02:01,696: INFO: main: *******************]
[2024-05-12 12:02:01,696: INFO: main: >>>>>> stage Prepare base model started <<<<<<]
[2024-05-12 12:02:01,702: INFO: common: yaml file: config\config.yaml loaded successfully]
[2024-05-12 12:02:01,704: INFO: common: yaml file: params.yaml loaded successfully]
[2024-05-12 12:02:01,704: INFO: common: created directory at: artifacts]
[2024-05-12 12:02:01,704: INFO: common: created directory at: artifacts/prepare_model]
[2024-05-12 12:02:01,899: INFO: main: >>>>>> stage Prepare base model completed <<<<<<

x==========x]
[2024-05-12 12:02:01,899: INFO: main: *******************]
[2024-05-12 12:02:01,899: INFO: main: >>>>>> stage Training started <<<<<<]
[2024-05-12 12:02:01,899: INFO: common: yaml file: config\config.yaml loaded successfully]
[2024-05-12 12:02:01,899: INFO: common: yaml file: params.yaml loaded successfully]
[2024-05-12 12:02:01,899: INFO: common: created directory at: artifacts]
[2024-05-12 12:02:01,899: INFO: common: created directory at: artifacts\training]
[2024-05-12 12:02:01,899: INFO: common: created directory at: artifacts/prepare_model]
[2024-05-12 12:02:01,905: INFO: common: yaml file: params.yaml loaded successfully]
[2024-05-12 12:02:02,201: INFO: file_utils: TensorFlow version 2.12.0 available.]
[2024-05-12 12:02:02,201: INFO: file_utils: PyTorch version 2.1.0 available.]
[2024-05-12 12:02:02,262: INFO: modeling_xlnet: Better speed can be achieved with apex installed from https://www.github.com/nvidia/apex .]
[2024-05-12 12:04:52,791: ERROR: main: 'Training' object has no attribute 'load_model']
Traceback (most recent call last):
  File "C:\Users\howar\Documents\UIUC\IE 421\project\group_10_project\mlops\main.py", line 42, in <module>
    model_trainer.main()
  File "C:\Users\howar\Documents\UIUC\IE 421\project\group_10_project\mlops\src\lstm_price_prediction\pipeline\stage_03_model_trainer.py", line 22, in main
    training.train()
  File "C:\Users\howar\Documents\UIUC\IE 421\project\group_10_project\mlops\src\lstm_price_prediction\components\model_trainer.py", line 104, in train
    val_loss, acc, precision, recall, f1 = self.validate()
                                           ^^^^^^^^^^^^^^^
  File "C:\Users\howar\Documents\UIUC\IE 421\project\group_10_project\mlops\src\lstm_price_prediction\components\model_trainer.py", line 51, in validate
    self.load_model(self.model_path)
    ^^^^^^^^^^^^^^^
AttributeError: 'Training' object has no attribute 'load_model'
[2024-05-12 12:06:57,516: INFO: utils: Note: NumExpr detected 16 cores but "NUMEXPR_MAX_THREADS" not set, so enforcing safe limit of 8.]
[2024-05-12 12:06:57,516: INFO: utils: NumExpr defaulting to 8 threads.]
[2024-05-12 12:07:06,308: INFO: main: *******************]
[2024-05-12 12:07:06,308: INFO: main: >>>>>> stage Prepare base model started <<<<<<]
[2024-05-12 12:07:06,308: INFO: common: yaml file: config\config.yaml loaded successfully]
[2024-05-12 12:07:06,315: INFO: common: yaml file: params.yaml loaded successfully]
[2024-05-12 12:07:06,315: INFO: common: created directory at: artifacts]
[2024-05-12 12:07:06,315: INFO: common: created directory at: artifacts/prepare_model]
[2024-05-12 12:07:06,639: INFO: main: >>>>>> stage Prepare base model completed <<<<<<

x==========x]
[2024-05-12 12:07:06,639: INFO: main: *******************]
[2024-05-12 12:07:06,639: INFO: main: >>>>>> stage Training started <<<<<<]
[2024-05-12 12:07:06,639: INFO: common: yaml file: config\config.yaml loaded successfully]
[2024-05-12 12:07:06,646: INFO: common: yaml file: params.yaml loaded successfully]
[2024-05-12 12:07:06,646: INFO: common: created directory at: artifacts]
[2024-05-12 12:07:06,646: INFO: common: created directory at: artifacts\training]
[2024-05-12 12:07:06,646: INFO: common: created directory at: artifacts/prepare_model]
[2024-05-12 12:07:06,646: INFO: common: yaml file: params.yaml loaded successfully]
[2024-05-12 12:07:07,013: INFO: file_utils: TensorFlow version 2.12.0 available.]
[2024-05-12 12:07:07,013: INFO: file_utils: PyTorch version 2.1.0 available.]
[2024-05-12 12:07:07,094: INFO: modeling_xlnet: Better speed can be achieved with apex installed from https://www.github.com/nvidia/apex .]
[2024-05-12 12:12:03,563: ERROR: main: module 'torch.functional' has no attribute 'softmax']
Traceback (most recent call last):
  File "C:\Users\howar\Documents\UIUC\IE 421\project\group_10_project\mlops\main.py", line 42, in <module>
    model_trainer.main()
  File "C:\Users\howar\Documents\UIUC\IE 421\project\group_10_project\mlops\src\lstm_price_prediction\pipeline\stage_03_model_trainer.py", line 22, in main
    training.train()
  File "C:\Users\howar\Documents\UIUC\IE 421\project\group_10_project\mlops\src\lstm_price_prediction\components\model_trainer.py", line 103, in train
    val_loss, acc, precision, recall, f1 = self.validate()
                                           ^^^^^^^^^^^^^^^
  File "C:\Users\howar\Documents\UIUC\IE 421\project\group_10_project\mlops\src\lstm_price_prediction\components\model_trainer.py", line 63, in validate
    y_hat = F.softmax(y_hat, dim=1)
            ^^^^^^^^^
AttributeError: module 'torch.functional' has no attribute 'softmax'
[2024-05-12 12:13:48,621: INFO: utils: Note: NumExpr detected 16 cores but "NUMEXPR_MAX_THREADS" not set, so enforcing safe limit of 8.]
[2024-05-12 12:13:48,621: INFO: utils: NumExpr defaulting to 8 threads.]
[2024-05-12 12:13:57,117: INFO: main: *******************]
[2024-05-12 12:13:57,117: INFO: main: >>>>>> stage Prepare base model started <<<<<<]
[2024-05-12 12:13:57,117: INFO: common: yaml file: config\config.yaml loaded successfully]
[2024-05-12 12:13:57,117: INFO: common: yaml file: params.yaml loaded successfully]
[2024-05-12 12:13:57,117: INFO: common: created directory at: artifacts]
[2024-05-12 12:13:57,117: INFO: common: created directory at: artifacts/prepare_model]
[2024-05-12 12:13:57,378: INFO: main: >>>>>> stage Prepare base model completed <<<<<<

x==========x]
[2024-05-12 12:13:57,378: INFO: main: *******************]
[2024-05-12 12:13:57,378: INFO: main: >>>>>> stage Training started <<<<<<]
[2024-05-12 12:13:57,383: INFO: common: yaml file: config\config.yaml loaded successfully]
[2024-05-12 12:13:57,383: INFO: common: yaml file: params.yaml loaded successfully]
[2024-05-12 12:13:57,383: INFO: common: created directory at: artifacts]
[2024-05-12 12:13:57,383: INFO: common: created directory at: artifacts\training]
[2024-05-12 12:13:57,383: INFO: common: created directory at: artifacts/prepare_model]
[2024-05-12 12:13:57,386: INFO: common: yaml file: params.yaml loaded successfully]
[2024-05-12 12:13:57,703: INFO: file_utils: TensorFlow version 2.12.0 available.]
[2024-05-12 12:13:57,703: INFO: file_utils: PyTorch version 2.1.0 available.]
[2024-05-12 12:13:57,767: INFO: modeling_xlnet: Better speed can be achieved with apex installed from https://www.github.com/nvidia/apex .]
[2024-05-12 12:17:21,086: ERROR: main: Training.log_into_mlflow() missing 4 required positional arguments: 'train_loss', 'val_loss', 'val_acc', and 'val_f1score']
Traceback (most recent call last):
  File "C:\Users\howar\Documents\UIUC\IE 421\project\group_10_project\mlops\main.py", line 42, in <module>
    model_trainer.main()
  File "C:\Users\howar\Documents\UIUC\IE 421\project\group_10_project\mlops\src\lstm_price_prediction\pipeline\stage_03_model_trainer.py", line 22, in main
    training.train()
  File "C:\Users\howar\Documents\UIUC\IE 421\project\group_10_project\mlops\src\lstm_price_prediction\components\model_trainer.py", line 105, in train
    self.log_into_mlflow()
TypeError: Training.log_into_mlflow() missing 4 required positional arguments: 'train_loss', 'val_loss', 'val_acc', and 'val_f1score'
[2024-05-12 12:19:52,073: INFO: utils: Note: NumExpr detected 16 cores but "NUMEXPR_MAX_THREADS" not set, so enforcing safe limit of 8.]
[2024-05-12 12:19:52,081: INFO: utils: NumExpr defaulting to 8 threads.]
[2024-05-12 12:20:00,730: INFO: main: *******************]
[2024-05-12 12:20:00,730: INFO: main: >>>>>> stage Prepare base model started <<<<<<]
[2024-05-12 12:20:00,730: INFO: common: yaml file: config\config.yaml loaded successfully]
[2024-05-12 12:20:00,730: INFO: common: yaml file: params.yaml loaded successfully]
[2024-05-12 12:20:00,730: INFO: common: created directory at: artifacts]
[2024-05-12 12:20:00,730: INFO: common: created directory at: artifacts/prepare_model]
[2024-05-12 12:20:00,931: INFO: main: >>>>>> stage Prepare base model completed <<<<<<

x==========x]
[2024-05-12 12:20:00,931: INFO: main: *******************]
[2024-05-12 12:20:00,931: INFO: main: >>>>>> stage Training started <<<<<<]
[2024-05-12 12:20:00,931: INFO: common: yaml file: config\config.yaml loaded successfully]
[2024-05-12 12:20:00,931: INFO: common: yaml file: params.yaml loaded successfully]
[2024-05-12 12:20:00,931: INFO: common: created directory at: artifacts]
[2024-05-12 12:20:00,931: INFO: common: created directory at: artifacts\training]
[2024-05-12 12:20:00,931: INFO: common: created directory at: artifacts/prepare_model]
[2024-05-12 12:20:00,939: INFO: common: yaml file: params.yaml loaded successfully]
[2024-05-12 12:20:01,236: INFO: file_utils: TensorFlow version 2.12.0 available.]
[2024-05-12 12:20:01,236: INFO: file_utils: PyTorch version 2.1.0 available.]
[2024-05-12 12:20:01,300: INFO: modeling_xlnet: Better speed can be achieved with apex installed from https://www.github.com/nvidia/apex .]
[2024-05-12 12:25:18,091: ERROR: main: 'TrainingConfig' object has no attribute 'mlflow_uri']
Traceback (most recent call last):
  File "C:\Users\howar\Documents\UIUC\IE 421\project\group_10_project\mlops\main.py", line 42, in <module>
    model_trainer.main()
  File "C:\Users\howar\Documents\UIUC\IE 421\project\group_10_project\mlops\src\lstm_price_prediction\pipeline\stage_03_model_trainer.py", line 22, in main
    training.train()
  File "C:\Users\howar\Documents\UIUC\IE 421\project\group_10_project\mlops\src\lstm_price_prediction\components\model_trainer.py", line 105, in train
    self.log_into_mlflow(train_loss, val_loss, acc, f1)
  File "C:\Users\howar\Documents\UIUC\IE 421\project\group_10_project\mlops\src\lstm_price_prediction\components\model_trainer.py", line 108, in log_into_mlflow
    mlflow.set_registry_uri(self.config.mlflow_uri)
                            ^^^^^^^^^^^^^^^^^^^^^^
AttributeError: 'TrainingConfig' object has no attribute 'mlflow_uri'
[2024-05-12 12:30:35,560: INFO: utils: Note: NumExpr detected 16 cores but "NUMEXPR_MAX_THREADS" not set, so enforcing safe limit of 8.]
[2024-05-12 12:30:35,560: INFO: utils: NumExpr defaulting to 8 threads.]
[2024-05-12 12:30:43,981: INFO: main: *******************]
[2024-05-12 12:30:43,981: INFO: main: >>>>>> stage Prepare base model started <<<<<<]
[2024-05-12 12:30:43,981: INFO: common: yaml file: config\config.yaml loaded successfully]
[2024-05-12 12:30:43,981: INFO: common: yaml file: params.yaml loaded successfully]
[2024-05-12 12:30:43,981: INFO: common: created directory at: artifacts]
[2024-05-12 12:30:43,981: INFO: common: created directory at: artifacts/prepare_model]
[2024-05-12 12:30:44,181: INFO: main: >>>>>> stage Prepare base model completed <<<<<<

x==========x]
[2024-05-12 12:30:44,181: INFO: main: *******************]
[2024-05-12 12:30:44,181: INFO: main: >>>>>> stage Training started <<<<<<]
[2024-05-12 12:30:44,181: INFO: common: yaml file: config\config.yaml loaded successfully]
[2024-05-12 12:30:44,189: INFO: common: yaml file: params.yaml loaded successfully]
[2024-05-12 12:30:44,189: INFO: common: created directory at: artifacts]
[2024-05-12 12:30:44,189: INFO: common: created directory at: artifacts\training]
[2024-05-12 12:30:44,189: INFO: common: created directory at: artifacts/prepare_model]
[2024-05-12 12:30:44,189: INFO: common: yaml file: params.yaml loaded successfully]
[2024-05-12 12:30:44,463: INFO: file_utils: TensorFlow version 2.12.0 available.]
[2024-05-12 12:30:44,463: INFO: file_utils: PyTorch version 2.1.0 available.]
[2024-05-12 12:30:44,519: INFO: modeling_xlnet: Better speed can be achieved with apex installed from https://www.github.com/nvidia/apex .]
[2024-05-12 12:34:44,363: ERROR: main: 'TrainingConfig' object has no attribute 'all_params']
Traceback (most recent call last):
  File "C:\Users\howar\Documents\UIUC\IE 421\project\group_10_project\mlops\main.py", line 42, in <module>
    model_trainer.main()
  File "C:\Users\howar\Documents\UIUC\IE 421\project\group_10_project\mlops\src\lstm_price_prediction\pipeline\stage_03_model_trainer.py", line 22, in main
    training.train()
  File "C:\Users\howar\Documents\UIUC\IE 421\project\group_10_project\mlops\src\lstm_price_prediction\components\model_trainer.py", line 105, in train
    self.log_into_mlflow(train_loss, val_loss, acc, f1)
  File "C:\Users\howar\Documents\UIUC\IE 421\project\group_10_project\mlops\src\lstm_price_prediction\components\model_trainer.py", line 111, in log_into_mlflow
    mlflow.log_params(self.config.all_params)
                      ^^^^^^^^^^^^^^^^^^^^^^
AttributeError: 'TrainingConfig' object has no attribute 'all_params'
[2024-05-12 12:38:36,764: INFO: utils: Note: NumExpr detected 16 cores but "NUMEXPR_MAX_THREADS" not set, so enforcing safe limit of 8.]
[2024-05-12 12:38:36,764: INFO: utils: NumExpr defaulting to 8 threads.]
[2024-05-12 12:38:45,644: INFO: main: *******************]
[2024-05-12 12:38:45,644: INFO: main: >>>>>> stage Prepare base model started <<<<<<]
[2024-05-12 12:38:45,656: INFO: common: yaml file: config\config.yaml loaded successfully]
[2024-05-12 12:38:45,668: INFO: common: yaml file: params.yaml loaded successfully]
[2024-05-12 12:38:45,668: INFO: common: created directory at: artifacts]
[2024-05-12 12:38:45,668: INFO: common: created directory at: artifacts/prepare_model]
[2024-05-12 12:38:45,916: INFO: main: >>>>>> stage Prepare base model completed <<<<<<

x==========x]
[2024-05-12 12:38:45,916: INFO: main: *******************]
[2024-05-12 12:38:45,916: INFO: main: >>>>>> stage Training started <<<<<<]
[2024-05-12 12:38:45,924: INFO: common: yaml file: config\config.yaml loaded successfully]
[2024-05-12 12:38:45,924: INFO: common: yaml file: params.yaml loaded successfully]
[2024-05-12 12:38:45,924: INFO: common: created directory at: artifacts]
[2024-05-12 12:38:45,924: INFO: common: created directory at: artifacts\training]
[2024-05-12 12:38:45,924: ERROR: main: TrainingConfig.__init__() got an unexpected keyword argument 'all_params']
Traceback (most recent call last):
  File "C:\Users\howar\Documents\UIUC\IE 421\project\group_10_project\mlops\main.py", line 42, in <module>
    model_trainer.main()
  File "C:\Users\howar\Documents\UIUC\IE 421\project\group_10_project\mlops\src\lstm_price_prediction\pipeline\stage_03_model_trainer.py", line 17, in main
    training_config = config.get_training_config()
                      ^^^^^^^^^^^^^^^^^^^^^^^^^^^^
  File "C:\Users\howar\Documents\UIUC\IE 421\project\group_10_project\mlops\src\lstm_price_prediction\config\configuration.py", line 64, in get_training_config
    training_config = TrainingConfig(
                      ^^^^^^^^^^^^^^^
TypeError: TrainingConfig.__init__() got an unexpected keyword argument 'all_params'
[2024-05-12 12:40:17,808: INFO: utils: Note: NumExpr detected 16 cores but "NUMEXPR_MAX_THREADS" not set, so enforcing safe limit of 8.]
[2024-05-12 12:40:17,808: INFO: utils: NumExpr defaulting to 8 threads.]
[2024-05-12 12:40:26,559: INFO: main: *******************]
[2024-05-12 12:40:26,559: INFO: main: >>>>>> stage Prepare base model started <<<<<<]
[2024-05-12 12:40:26,564: INFO: common: yaml file: config\config.yaml loaded successfully]
[2024-05-12 12:40:26,564: INFO: common: yaml file: params.yaml loaded successfully]
[2024-05-12 12:40:26,564: INFO: common: created directory at: artifacts]
[2024-05-12 12:40:26,564: INFO: common: created directory at: artifacts/prepare_model]
[2024-05-12 12:40:26,797: INFO: main: >>>>>> stage Prepare base model completed <<<<<<

x==========x]
[2024-05-12 12:40:26,805: INFO: main: *******************]
[2024-05-12 12:40:26,805: INFO: main: >>>>>> stage Training started <<<<<<]
[2024-05-12 12:40:26,805: INFO: common: yaml file: config\config.yaml loaded successfully]
[2024-05-12 12:40:26,805: INFO: common: yaml file: params.yaml loaded successfully]
[2024-05-12 12:40:26,805: INFO: common: created directory at: artifacts]
[2024-05-12 12:40:26,805: INFO: common: created directory at: artifacts\training]
[2024-05-12 12:40:26,805: INFO: common: created directory at: artifacts/prepare_model]
[2024-05-12 12:40:26,813: INFO: common: yaml file: params.yaml loaded successfully]
[2024-05-12 12:40:27,230: INFO: file_utils: TensorFlow version 2.12.0 available.]
[2024-05-12 12:40:27,230: INFO: file_utils: PyTorch version 2.1.0 available.]
[2024-05-12 12:40:27,318: INFO: modeling_xlnet: Better speed can be achieved with apex installed from https://www.github.com/nvidia/apex .]
[2024-05-12 12:44:56,690: ERROR: main: cudnn RNN backward can only be called in training mode]
Traceback (most recent call last):
  File "C:\Users\howar\Documents\UIUC\IE 421\project\group_10_project\mlops\main.py", line 42, in <module>
    model_trainer.main()
  File "C:\Users\howar\Documents\UIUC\IE 421\project\group_10_project\mlops\src\lstm_price_prediction\pipeline\stage_03_model_trainer.py", line 22, in main
    training.train()
  File "C:\Users\howar\Documents\UIUC\IE 421\project\group_10_project\mlops\src\lstm_price_prediction\components\model_trainer.py", line 93, in train
    loss.backward()
  File "C:\Users\howar\anaconda3\Lib\site-packages\torch\_tensor.py", line 492, in backward
    torch.autograd.backward(
  File "C:\Users\howar\anaconda3\Lib\site-packages\torch\autograd\__init__.py", line 251, in backward
    Variable._execution_engine.run_backward(  # Calls into the C++ engine to run the backward pass
RuntimeError: cudnn RNN backward can only be called in training mode
[2024-05-12 12:49:52,235: INFO: utils: Note: NumExpr detected 16 cores but "NUMEXPR_MAX_THREADS" not set, so enforcing safe limit of 8.]
[2024-05-12 12:49:52,235: INFO: utils: NumExpr defaulting to 8 threads.]
[2024-05-12 12:50:01,265: INFO: main: *******************]
[2024-05-12 12:50:01,265: INFO: main: >>>>>> stage Prepare base model started <<<<<<]
[2024-05-12 12:50:01,265: INFO: common: yaml file: config\config.yaml loaded successfully]
[2024-05-12 12:50:01,273: INFO: common: yaml file: params.yaml loaded successfully]
[2024-05-12 12:50:01,273: INFO: common: created directory at: artifacts]
[2024-05-12 12:50:01,273: INFO: common: created directory at: artifacts/prepare_model]
[2024-05-12 12:50:01,529: INFO: main: >>>>>> stage Prepare base model completed <<<<<<

x==========x]
[2024-05-12 12:50:01,529: INFO: main: *******************]
[2024-05-12 12:50:01,529: INFO: main: >>>>>> stage Training started <<<<<<]
[2024-05-12 12:50:01,537: INFO: common: yaml file: config\config.yaml loaded successfully]
[2024-05-12 12:50:01,537: INFO: common: yaml file: params.yaml loaded successfully]
[2024-05-12 12:50:01,537: INFO: common: created directory at: artifacts]
[2024-05-12 12:50:01,537: INFO: common: created directory at: artifacts\training]
[2024-05-12 12:50:01,537: INFO: common: created directory at: artifacts/prepare_model]
[2024-05-12 12:50:01,537: INFO: common: yaml file: params.yaml loaded successfully]
[2024-05-12 12:50:01,994: INFO: file_utils: TensorFlow version 2.12.0 available.]
[2024-05-12 12:50:01,994: INFO: file_utils: PyTorch version 2.1.0 available.]
[2024-05-12 12:50:02,082: INFO: modeling_xlnet: Better speed can be achieved with apex installed from https://www.github.com/nvidia/apex .]
[2024-05-12 12:53:53,398: ERROR: main: cudnn RNN backward can only be called in training mode]
Traceback (most recent call last):
  File "C:\Users\howar\Documents\UIUC\IE 421\project\group_10_project\mlops\main.py", line 42, in <module>
    model_trainer.main()
  File "C:\Users\howar\Documents\UIUC\IE 421\project\group_10_project\mlops\src\lstm_price_prediction\pipeline\stage_03_model_trainer.py", line 22, in main
    training.training()
  File "C:\Users\howar\Documents\UIUC\IE 421\project\group_10_project\mlops\src\lstm_price_prediction\components\model_trainer.py", line 92, in training
    loss.backward()
  File "C:\Users\howar\anaconda3\Lib\site-packages\torch\_tensor.py", line 492, in backward
    torch.autograd.backward(
  File "C:\Users\howar\anaconda3\Lib\site-packages\torch\autograd\__init__.py", line 251, in backward
    Variable._execution_engine.run_backward(  # Calls into the C++ engine to run the backward pass
RuntimeError: cudnn RNN backward can only be called in training mode
[2024-05-12 12:55:27,230: INFO: utils: Note: NumExpr detected 16 cores but "NUMEXPR_MAX_THREADS" not set, so enforcing safe limit of 8.]
[2024-05-12 12:55:27,230: INFO: utils: NumExpr defaulting to 8 threads.]
[2024-05-12 12:55:36,001: INFO: main: *******************]
[2024-05-12 12:55:36,001: INFO: main: >>>>>> stage Prepare base model started <<<<<<]
[2024-05-12 12:55:36,001: INFO: common: yaml file: config\config.yaml loaded successfully]
[2024-05-12 12:55:36,005: INFO: common: yaml file: params.yaml loaded successfully]
[2024-05-12 12:55:36,005: INFO: common: created directory at: artifacts]
[2024-05-12 12:55:36,005: INFO: common: created directory at: artifacts/prepare_model]
[2024-05-12 12:55:36,188: INFO: main: >>>>>> stage Prepare base model completed <<<<<<

x==========x]
[2024-05-12 12:55:36,188: INFO: main: *******************]
[2024-05-12 12:55:36,188: INFO: main: >>>>>> stage Training started <<<<<<]
[2024-05-12 12:55:36,188: INFO: common: yaml file: config\config.yaml loaded successfully]
[2024-05-12 12:55:36,196: INFO: common: yaml file: params.yaml loaded successfully]
[2024-05-12 12:55:36,196: INFO: common: created directory at: artifacts]
[2024-05-12 12:55:36,196: INFO: common: created directory at: artifacts\training]
[2024-05-12 12:55:36,197: INFO: common: created directory at: artifacts/prepare_model]
[2024-05-12 12:55:36,197: INFO: common: yaml file: params.yaml loaded successfully]
[2024-05-12 12:55:36,477: INFO: file_utils: TensorFlow version 2.12.0 available.]
[2024-05-12 12:55:36,477: INFO: file_utils: PyTorch version 2.1.0 available.]
[2024-05-12 12:55:36,542: INFO: modeling_xlnet: Better speed can be achieved with apex installed from https://www.github.com/nvidia/apex .]
